<?xml version="1.0" encoding="UTF-8"?>
<testng-results ignored="0" total="3" passed="3" failed="0" skipped="0">
  <reporter-output>
  </reporter-output>
  <suite started-at="2022-01-03T18:01:54 IST" name="Default suite" finished-at="2022-01-03T18:02:17 IST" duration-ms="22844">
    <groups>
      <group name="cucumber">
        <method signature="AbstractTestNGCucumberTests.runScenario(io.cucumber.testng.PickleWrapper, io.cucumber.testng.FeatureWrapper)[pri:0, instance:com.mindtree.runner.TestRunner@2177849e]" name="runScenario" class="io.cucumber.testng.AbstractTestNGCucumberTests"/>
      </group> <!-- cucumber -->
    </groups>
    <test started-at="2022-01-03T18:01:54 IST" name="Default test" finished-at="2022-01-03T18:02:17 IST" duration-ms="22844">
      <class name="com.mindtree.runner.TestRunner">
        <test-method is-config="true" signature="setUpClass(org.testng.ITestContext)[pri:0, instance:com.mindtree.runner.TestRunner@2177849e]" started-at="2022-01-03T18:01:54 IST" name="setUpClass" finished-at="2022-01-03T18:01:55 IST" duration-ms="348" status="PASS">
          <params>
            <param index="0">
              <value>
                <![CDATA[org.testng.TestRunner@20ab3e3a]]>
              </value>
            </param>
          </params>
          <reporter-output>
          </reporter-output>
        </test-method> <!-- setUpClass -->
        <test-method signature="runScenario(io.cucumber.testng.PickleWrapper, io.cucumber.testng.FeatureWrapper)[pri:0, instance:com.mindtree.runner.TestRunner@2177849e]" started-at="2022-01-03T18:01:55 IST" name="runScenario" description="Runs Cucumber Scenarios" data-provider="scenarios" finished-at="2022-01-03T18:02:03 IST" duration-ms="8281" status="PASS">
          <params>
            <param index="0">
              <value>
                <![CDATA["Verify if the text Gillette MACH3 Turbo present in products"]]>
              </value>
            </param>
            <param index="1">
              <value>
                <![CDATA["Optional[Hover to products]"]]>
              </value>
            </param>
          </params>
          <reporter-output>
          </reporter-output>
        </test-method> <!-- runScenario -->
        <test-method signature="runScenario(io.cucumber.testng.PickleWrapper, io.cucumber.testng.FeatureWrapper)[pri:0, instance:com.mindtree.runner.TestRunner@2177849e]" started-at="2022-01-03T18:02:03 IST" name="runScenario" description="Runs Cucumber Scenarios" data-provider="scenarios" finished-at="2022-01-03T18:02:10 IST" duration-ms="6677" status="PASS">
          <params>
            <param index="0">
              <value>
                <![CDATA["Validating Razor result"]]>
              </value>
            </param>
            <param index="1">
              <value>
                <![CDATA["Optional[Search Razor and Validate]"]]>
              </value>
            </param>
          </params>
          <reporter-output>
          </reporter-output>
        </test-method> <!-- runScenario -->
        <test-method signature="runScenario(io.cucumber.testng.PickleWrapper, io.cucumber.testng.FeatureWrapper)[pri:0, instance:com.mindtree.runner.TestRunner@2177849e]" started-at="2022-01-03T18:02:10 IST" name="runScenario" description="Runs Cucumber Scenarios" data-provider="scenarios" finished-at="2022-01-03T18:02:17 IST" duration-ms="7303" status="PASS">
          <params>
            <param index="0">
              <value>
                <![CDATA["Validate if Facial Hair Styles: The Anchor Bear"]]>
              </value>
            </param>
            <param index="1">
              <value>
                <![CDATA["Optional[Footer section validation]"]]>
              </value>
            </param>
          </params>
          <reporter-output>
          </reporter-output>
        </test-method> <!-- runScenario -->
        <test-method is-config="true" signature="tearDownClass()[pri:0, instance:com.mindtree.runner.TestRunner@2177849e]" started-at="2022-01-03T18:02:17 IST" name="tearDownClass" finished-at="2022-01-03T18:02:17 IST" duration-ms="188" status="PASS">
          <reporter-output>
          </reporter-output>
        </test-method> <!-- tearDownClass -->
      </class> <!-- com.mindtree.runner.TestRunner -->
    </test> <!-- Default test -->
  </suite> <!-- Default suite -->
</testng-results>
